This is pdfTeX, Version 3.141592653-2.6-1.40.29 (MiKTeX 26.2) (preloaded format=pdflatex 2026.3.9)  9 APR 2026 01:03
entering extended mode
 restricted \write18 enabled.
 file:line:error style messages enabled.
 %&-line parsing enabled.
**/home/legion-5080-monster/Documents/JAVERIANA/2026/Semestre5/SistemasDistribuidosAux/UNI-26-10-ProyectoDistribuidos/docs/DocumentosLatex/decisiones_diseno.tex
(/home/legion-5080-monster/Documents/JAVERIANA/2026/Semestre5/SistemasDistribuidosAux/UNI-26-10-ProyectoDistribuidos/docs/DocumentosLatex/decisiones_diseno.tex
LaTeX2e <2025-11-01>
L3 programming layer <2026-01-19>
(/home/legion-5080-monster/.miktex/texmfs/install/tex/latex/base/article.cls
Document Class: article 2025/01/22 v1.4n Standard LaTeX document class
(/home/legion-5080-monster/.miktex/texmfs/install/tex/latex/base/size12.clo
File: size12.clo 2025/01/22 v1.4n Standard LaTeX file (size option)
)
\c@part=\count275
\c@section=\count276
\c@subsection=\count277
\c@subsubsection=\count278
\c@paragraph=\count279
\c@subparagraph=\count280
\c@figure=\count281
\c@table=\count282
\abovecaptionskip=\skip49
\belowcaptionskip=\skip50
\bibindent=\dimen148
) (/home/legion-5080-monster/.miktex/texmfs/install/tex/latex/base/inputenc.sty
Package: inputenc 2024/02/08 v1.3d Input encoding file
\inpenc@prehook=\toks17
\inpenc@posthook=\toks18
) (/home/legion-5080-monster/.miktex/texmfs/install/tex/latex/base/fontenc.sty
Package: fontenc 2025/07/18 v2.1d Standard LaTeX package
) (/home/legion-5080-monster/.miktex/texmfs/install/tex/generic/babel/babel.sty
Package: babel 2026/02/14 v26.3 The multilingual framework for LuaLaTeX, pdfLaTeX and XeLaTeX
\babel@savecnt=\count283
LaTeX Encoding Info:    Redeclaring text command \ij (encoding OT1) on input line 2078.
LaTeX Encoding Info:    Redeclaring text command \IJ (encoding OT1) on input line 2080.
LaTeX Encoding Info:    Redeclaring text command \ij (encoding T1) on input line 2082.
LaTeX Encoding Info:    Redeclaring text command \IJ (encoding T1) on input line 2083.
LaTeX Encoding Info:    Ignoring declaration for text command \ij (encoding ?) on input line 2084.
LaTeX Encoding Info:    Ignoring declaration for text command \IJ (encoding ?) on input line 2086.
LaTeX Encoding Info:    Ignoring declaration for text command \SS (encoding ?) on input line 2111.
\U@D=\dimen149
\l@unhyphenated=\language1
 (/home/legion-5080-monster/.miktex/texmfs/install/tex/generic/babel/txtbabel.def)
\bbl@readstream=\read2
\bbl@dirlevel=\count284
Package babel Info: Configuration files are deprecated, as
(babel)             they can break document portability.
(babel)             Reported on input line 4206.

*************************************
* Local config file bblopts.cfg used
*
(/home/legion-5080-monster/.miktex/texmfs/install/tex/latex/arabi/bblopts.cfg
File: bblopts.cfg 2005/09/08 v0.1 add Arabic and Farsi to "declared" options of babel
) (/home/legion-5080-monster/.miktex/texmfs/install/tex/generic/babel/locale/es/babel-spanish.tex)
Package babel Info: Importing font and identification data for spanish
(babel)             from babel-es.ini. Reported on input line 4330.
 (/home/legion-5080-monster/.miktex/texmfs/install/tex/latex/babel-spanish/spanish.ldf
Language: spanish.ldf 2021/05/27 v5.0q Spanish support from the babel system


Package babel Warning: No hyphenation patterns were preloaded for
(babel)                the language 'Spanish' into the format.
(babel)                Please, configure your TeX system to add them and
(babel)                rebuild the format. Now I will use the patterns
(babel)                preloaded for \language=0 instead on input line 51.

\es@quottoks=\toks19
\es@quotdepth=\count285
Package babel Info: Making " an active character on input line 570.
Package babel Info: Making . an active character on input line 675.
Package babel Info: Making < an active character on input line 722.
Package babel Info: Making > an active character on input line 722.
))
LaTeX Encoding Info:    Redeclaring text command \guillemotleft (encoding OT1) on input line 5.
LaTeX Encoding Info:    Redeclaring text command \guillemotright (encoding OT1) on input line 5.
 (/home/legion-5080-monster/.miktex/texmfs/install/tex/latex/amsmath/amsmath.sty
Package: amsmath 2025/07/09 v2.17z AMS math features
\@mathmargin=\skip51

For additional information on amsmath, use the `?' option.
(/home/legion-5080-monster/.miktex/texmfs/install/tex/latex/amsmath/amstext.sty
Package: amstext 2024/11/17 v2.01 AMS text
 (/home/legion-5080-monster/.miktex/texmfs/install/tex/latex/amsmath/amsgen.sty
File: amsgen.sty 1999/11/30 v2.0 generic functions
\@emptytoks=\toks20
\ex@=\dimen150
)) (/home/legion-5080-monster/.miktex/texmfs/install/tex/latex/amsmath/amsbsy.sty
Package: amsbsy 1999/11/29 v1.2d Bold Symbols
\pmbraise@=\dimen151
) (/home/legion-5080-monster/.miktex/texmfs/install/tex/latex/amsmath/amsopn.sty
Package: amsopn 2022/04/08 v2.04 operator names
)
\inf@bad=\count286
LaTeX Info: Redefining \frac on input line 233.
\uproot@=\count287
\leftroot@=\count288
LaTeX Info: Redefining \overline on input line 398.
LaTeX Info: Redefining \colon on input line 409.
\classnum@=\count289
\DOTSCASE@=\count290
LaTeX Info: Redefining \ldots on input line 495.
LaTeX Info: Redefining \dots on input line 498.
LaTeX Info: Redefining \cdots on input line 619.
\Mathstrutbox@=\box53
\strutbox@=\box54
LaTeX Info: Redefining \big on input line 721.
LaTeX Info: Redefining \Big on input line 722.
LaTeX Info: Redefining \bigg on input line 723.
LaTeX Info: Redefining \Bigg on input line 724.
\big@size=\dimen152
LaTeX Font Info:    Redeclaring font encoding OML on input line 742.
LaTeX Font Info:    Redeclaring font encoding OMS on input line 743.
\macc@depth=\count291
LaTeX Info: Redefining \bmod on input line 904.
LaTeX Info: Redefining \pmod on input line 909.
LaTeX Info: Redefining \smash on input line 939.
LaTeX Info: Redefining \relbar on input line 969.
LaTeX Info: Redefining \Relbar on input line 970.
\c@MaxMatrixCols=\count292
\dotsspace@=\muskip17
\c@parentequation=\count293
\dspbrk@lvl=\count294
\tag@help=\toks21
\row@=\count295
\column@=\count296
\maxfields@=\count297
\andhelp@=\toks22
\eqnshift@=\dimen153
\alignsep@=\dimen154
\tagshift@=\dimen155
\tagwidth@=\dimen156
\totwidth@=\dimen157
\lineht@=\dimen158
\@envbody=\toks23
\multlinegap=\skip52
\multlinetaggap=\skip53
\mathdisplay@stack=\toks24
LaTeX Info: Redefining \[ on input line 2950.
LaTeX Info: Redefining \] on input line 2951.
) (/home/legion-5080-monster/.miktex/texmfs/install/tex/latex/graphics/graphicx.sty
Package: graphicx 2024/12/31 v1.2e Enhanced LaTeX Graphics (DPC,SPQR)
 (/home/legion-5080-monster/.miktex/texmfs/install/tex/latex/graphics/keyval.sty
Package: keyval 2022/05/29 v1.15 key=value parser (DPC)
\KV@toks@=\toks25
) (/home/legion-5080-monster/.miktex/texmfs/install/tex/latex/graphics/graphics.sty
Package: graphics 2024/08/06 v1.4g Standard LaTeX Graphics (DPC,SPQR)
 (/home/legion-5080-monster/.miktex/texmfs/install/tex/latex/graphics/trig.sty
Package: trig 2023/12/02 v1.11 sin cos tan (DPC)
) (/home/legion-5080-monster/.miktex/texmfs/install/tex/latex/graphics-cfg/graphics.cfg
File: graphics.cfg 2016/06/04 v1.11 sample graphics configuration
)
Package graphics Info: Driver file: pdftex.def on input line 106.
 (/home/legion-5080-monster/.miktex/texmfs/install/tex/latex/graphics-def/pdftex.def
File: pdftex.def 2025/09/29 v1.2d Graphics/color driver for pdftex
))
\Gin@req@height=\dimen159
\Gin@req@width=\dimen160
) (/home/legion-5080-monster/.miktex/texmfs/install/tex/latex/hyperref/hyperref.sty
Package: hyperref 2026-01-29 v7.01p Hypertext links for LaTeX
 (/home/legion-5080-monster/.miktex/texmfs/install/tex/generic/iftex/iftex.sty
Package: iftex 2024/12/12 v1.0g TeX engine tests
) (/home/legion-5080-monster/.miktex/texmfs/install/tex/latex/kvsetkeys/kvsetkeys.sty
Package: kvsetkeys 2022-10-05 v1.19 Key value parser (HO)
) (/home/legion-5080-monster/.miktex/texmfs/install/tex/generic/kvdefinekeys/kvdefinekeys.sty
Package: kvdefinekeys 2019-12-19 v1.6 Define keys (HO)
) (/home/legion-5080-monster/.miktex/texmfs/install/tex/generic/pdfescape/pdfescape.sty
Package: pdfescape 2019/12/09 v1.15 Implements pdfTeX's escape features (HO)
 (/home/legion-5080-monster/.miktex/texmfs/install/tex/generic/ltxcmds/ltxcmds.sty
Package: ltxcmds 2023-12-04 v1.26 LaTeX kernel commands for general use (HO)
) (/home/legion-5080-monster/.miktex/texmfs/install/tex/generic/pdftexcmds/pdftexcmds.sty
Package: pdftexcmds 2020-06-27 v0.33 Utility functions of pdfTeX for LuaTeX (HO)
 (/home/legion-5080-monster/.miktex/texmfs/install/tex/generic/infwarerr/infwarerr.sty
Package: infwarerr 2019/12/03 v1.5 Providing info/warning/error messages (HO)
)
Package pdftexcmds Info: \pdf@primitive is available.
Package pdftexcmds Info: \pdf@ifprimitive is available.
Package pdftexcmds Info: \pdfdraftmode found.
)) (/home/legion-5080-monster/.miktex/texmfs/install/tex/latex/hycolor/hycolor.sty
Package: hycolor 2020-01-27 v1.10 Color options for hyperref/bookmark (HO)
) (/home/legion-5080-monster/.miktex/texmfs/install/tex/latex/hyperref/nameref.sty
Package: nameref 2026-01-29 v2.58 Cross-referencing by name of section
 (/home/legion-5080-monster/.miktex/texmfs/install/tex/latex/refcount/refcount.sty
Package: refcount 2019/12/15 v3.6 Data extraction from label references (HO)
) (/home/legion-5080-monster/.miktex/texmfs/install/tex/generic/gettitlestring/gettitlestring.sty
Package: gettitlestring 2019/12/15 v1.6 Cleanup title references (HO)
 (/home/legion-5080-monster/.miktex/texmfs/install/tex/latex/kvoptions/kvoptions.sty
Package: kvoptions 2022-06-15 v3.15 Key value format for package options (HO)
))
\c@section@level=\count298
) (/home/legion-5080-monster/.miktex/texmfs/install/tex/latex/etoolbox/etoolbox.sty
Package: etoolbox 2025/10/02 v2.5m e-TeX tools for LaTeX (JAW)
\etb@tempcnta=\count299
) (/home/legion-5080-monster/.miktex/texmfs/install/tex/generic/stringenc/stringenc.sty
Package: stringenc 2019/11/29 v1.12 Convert strings between diff. encodings (HO)
)
\@linkdim=\dimen161
\Hy@linkcounter=\count300
\Hy@pagecounter=\count301
 (/home/legion-5080-monster/.miktex/texmfs/install/tex/latex/hyperref/pd1enc.def
File: pd1enc.def 2026-01-29 v7.01p Hyperref: PDFDocEncoding definition (HO)
Now handling font encoding PD1 ...
... no UTF-8 mapping file for font encoding PD1
) (/home/legion-5080-monster/.miktex/texmfs/install/tex/generic/intcalc/intcalc.sty
Package: intcalc 2019/12/15 v1.3 Expandable calculations with integers (HO)
)
\Hy@SavedSpaceFactor=\count302
 (/home/legion-5080-monster/.miktex/texmfs/install/tex/latex/hyperref/puenc.def
File: puenc.def 2026-01-29 v7.01p Hyperref: PDF Unicode definition (HO)
Now handling font encoding PU ...
... no UTF-8 mapping file for font encoding PU
)
Package hyperref Info: Hyper figures OFF on input line 4201.
Package hyperref Info: Link nesting OFF on input line 4206.
Package hyperref Info: Hyper index ON on input line 4209.
Package hyperref Info: Plain pages OFF on input line 4216.
Package hyperref Info: Backreferencing OFF on input line 4221.
Package hyperref Info: Implicit mode ON; LaTeX internals redefined.
Package hyperref Info: Bookmarks ON on input line 4468.
\c@Hy@tempcnt=\count303
 (/home/legion-5080-monster/.miktex/texmfs/install/tex/latex/url/url.sty
\Urlmuskip=\muskip18
Package: url 2013/09/16  ver 3.4  Verb mode for urls, etc.
)
LaTeX Info: Redefining \url on input line 4807.
\XeTeXLinkMargin=\dimen162
 (/home/legion-5080-monster/.miktex/texmfs/install/tex/generic/bitset/bitset.sty
Package: bitset 2019/12/09 v1.3 Handle bit-vector datatype (HO)
 (/home/legion-5080-monster/.miktex/texmfs/install/tex/generic/bigintcalc/bigintcalc.sty
Package: bigintcalc 2019/12/15 v1.5 Expandable calculations on big integers (HO)
))
\Fld@menulength=\count304
\Field@Width=\dimen163
\Fld@charsize=\dimen164
Package hyperref Info: Hyper figures OFF on input line 6084.
Package hyperref Info: Link nesting OFF on input line 6089.
Package hyperref Info: Hyper index ON on input line 6092.
Package hyperref Info: backreferencing OFF on input line 6099.
Package hyperref Info: Link coloring OFF on input line 6104.
Package hyperref Info: Link coloring with OCG OFF on input line 6109.
Package hyperref Info: PDF/A mode OFF on input line 6114.
\Hy@abspage=\count305
\c@Item=\count306
\c@Hfootnote=\count307
)
Package hyperref Info: Driver (autodetected): hpdftex.
 (/home/legion-5080-monster/.miktex/texmfs/install/tex/latex/hyperref/hpdftex.def
File: hpdftex.def 2026-01-29 v7.01p Hyperref driver for pdfTeX
\Fld@listcount=\count308
\c@bookmark@seq@number=\count309
 (/home/legion-5080-monster/.miktex/texmfs/install/tex/latex/rerunfilecheck/rerunfilecheck.sty
Package: rerunfilecheck 2025-06-21 v1.11 Rerun checks for auxiliary files (HO)
 (/home/legion-5080-monster/.miktex/texmfs/install/tex/generic/uniquecounter/uniquecounter.sty
Package: uniquecounter 2019/12/15 v1.4 Provide unlimited unique counter (HO)
)
Package uniquecounter Info: New unique counter `rerunfilecheck' on input line 284.
)
\Hy@SectionHShift=\skip54
) (/home/legion-5080-monster/.miktex/texmfs/install/tex/latex/geometry/geometry.sty
Package: geometry 2020/01/02 v5.9 Page Geometry
 (/home/legion-5080-monster/.miktex/texmfs/install/tex/generic/iftex/ifvtex.sty
Package: ifvtex 2019/10/25 v1.7 ifvtex legacy package. Use iftex instead.
)
\Gm@cnth=\count310
\Gm@cntv=\count311
\c@Gm@tempcnt=\count312
\Gm@bindingoffset=\dimen165
\Gm@wd@mp=\dimen166
\Gm@odd@mp=\dimen167
\Gm@even@mp=\dimen168
\Gm@layoutwidth=\dimen169
\Gm@layoutheight=\dimen170
\Gm@layouthoffset=\dimen171
\Gm@layoutvoffset=\dimen172
\Gm@dimlist=\toks26
 (/home/legion-5080-monster/.miktex/texmfs/install/tex/latex/geometry/geometry.cfg)) (/home/legion-5080-monster/.miktex/texmfs/install/tex/latex/titlesec/titlesec.sty
Package: titlesec 2025/01/04 v2.17 Sectioning titles
\ttl@box=\box55
\beforetitleunit=\skip55
\aftertitleunit=\skip56
\ttl@plus=\dimen173
\ttl@minus=\dimen174
\ttl@toksa=\toks27
\titlewidth=\dimen175
\titlewidthlast=\dimen176
\titlewidthfirst=\dimen177
) (/home/legion-5080-monster/.miktex/texmfs/install/tex/latex/fancyhdr/fancyhdr.sty
Package: fancyhdr 2025/02/07 v5.2 Extensive control of page headers and footers
\f@nch@headwidth=\skip57
\f@nch@offset@elh=\skip58
\f@nch@offset@erh=\skip59
\f@nch@offset@olh=\skip60
\f@nch@offset@orh=\skip61
\f@nch@offset@elf=\skip62
\f@nch@offset@erf=\skip63
\f@nch@offset@olf=\skip64
\f@nch@offset@orf=\skip65
\f@nch@height=\skip66
\f@nch@footalignment=\skip67
\f@nch@widthL=\skip68
\f@nch@widthC=\skip69
\f@nch@widthR=\skip70
\@temptokenb=\toks28
) (/home/legion-5080-monster/.miktex/texmfs/install/tex/latex/setspace/setspace.sty
Package: setspace 2022/12/04 v6.7b set line spacing
) (/home/legion-5080-monster/.miktex/texmfs/install/tex/latex/mdframed/mdframed.sty
Package: mdframed 2013/07/01 1.9b: mdframed
 (/home/legion-5080-monster/.miktex/texmfs/install/tex/latex/l3packages/xparse/xparse.sty (/home/legion-5080-monster/.miktex/texmfs/install/tex/latex/l3kernel/expl3.sty
Package: expl3 2026-01-19 L3 programming layer (loader) 
 (/home/legion-5080-monster/.miktex/texmfs/install/tex/latex/l3backend/l3backend-pdftex.def
File: l3backend-pdftex.def 2025-10-09 L3 backend support: PDF output (pdfTeX)
\l__color_backend_stack_int=\count313
))
Package: xparse 2025-10-09 L3 Experimental document command parser
) (/home/legion-5080-monster/.miktex/texmfs/install/tex/latex/zref/zref-abspage.sty
Package: zref-abspage 2026-03-07 v2.37 Module abspage for zref (HO)
 (/home/legion-5080-monster/.miktex/texmfs/install/tex/latex/zref/zref-base.sty
Package: zref-base 2026-03-07 v2.37 Module base for zref (HO)
 (/home/legion-5080-monster/.miktex/texmfs/install/tex/generic/etexcmds/etexcmds.sty
Package: etexcmds 2019/12/15 v1.7 Avoid name clashes with e-TeX commands (HO)
) (/home/legion-5080-monster/.miktex/texmfs/install/tex/latex/auxhook/auxhook.sty
Package: auxhook 2019-12-17 v1.6 Hooks for auxiliary files (HO)
)
Package zref Info: New property list: main on input line 767.
Package zref Info: New property: default on input line 768.
Package zref Info: New property: page on input line 769.
)
\c@abspage=\count314
Package zref Info: New property: abspage on input line 67.
) (/home/legion-5080-monster/.miktex/texmfs/install/tex/latex/needspace/needspace.sty
Package: needspace 2025/03/13 v1.3e reserve vertical space
) (/home/legion-5080-monster/.miktex/texmfs/install/tex/latex/graphics/color.sty
Package: color 2025/01/14 v1.3e Standard LaTeX Color (DPC)
 (/home/legion-5080-monster/.miktex/texmfs/install/tex/latex/graphics-cfg/color.cfg
File: color.cfg 2016/01/02 v1.6 sample color configuration
)
Package color Info: Driver file: pdftex.def on input line 149.
 (/home/legion-5080-monster/.miktex/texmfs/install/tex/latex/graphics/mathcolor.ltx))
\mdf@templength=\skip71
\c@mdf@globalstyle@cnt=\count315
\mdf@skipabove@length=\skip72
\mdf@skipbelow@length=\skip73
\mdf@leftmargin@length=\skip74
\mdf@rightmargin@length=\skip75
\mdf@innerleftmargin@length=\skip76
\mdf@innerrightmargin@length=\skip77
\mdf@innertopmargin@length=\skip78
\mdf@innerbottommargin@length=\skip79
\mdf@splittopskip@length=\skip80
\mdf@splitbottomskip@length=\skip81
\mdf@outermargin@length=\skip82
\mdf@innermargin@length=\skip83
\mdf@linewidth@length=\skip84
\mdf@innerlinewidth@length=\skip85
\mdf@middlelinewidth@length=\skip86
\mdf@outerlinewidth@length=\skip87
\mdf@roundcorner@length=\skip88
\mdf@footenotedistance@length=\skip89
\mdf@userdefinedwidth@length=\skip90
\mdf@needspace@length=\skip91
\mdf@frametitleaboveskip@length=\skip92
\mdf@frametitlebelowskip@length=\skip93
\mdf@frametitlerulewidth@length=\skip94
\mdf@frametitleleftmargin@length=\skip95
\mdf@frametitlerightmargin@length=\skip96
\mdf@shadowsize@length=\skip97
\mdf@extratopheight@length=\skip98
\mdf@subtitleabovelinewidth@length=\skip99
\mdf@subtitlebelowlinewidth@length=\skip100
\mdf@subtitleaboveskip@length=\skip101
\mdf@subtitlebelowskip@length=\skip102
\mdf@subtitleinneraboveskip@length=\skip103
\mdf@subtitleinnerbelowskip@length=\skip104
\mdf@subsubtitleabovelinewidth@length=\skip105
\mdf@subsubtitlebelowlinewidth@length=\skip106
\mdf@subsubtitleaboveskip@length=\skip107
\mdf@subsubtitlebelowskip@length=\skip108
\mdf@subsubtitleinneraboveskip@length=\skip109
\mdf@subsubtitleinnerbelowskip@length=\skip110
 (/home/legion-5080-monster/.miktex/texmfs/install/tex/latex/mdframed/md-frame-0.mdf
File: md-frame-0.mdf 2013/07/01\ 1.9b: md-frame-0
)
\mdf@frametitlebox=\box56
\mdf@footnotebox=\box57
\mdf@splitbox@one=\box58
\mdf@splitbox@two=\box59
\mdf@splitbox@save=\box60
\mdfsplitboxwidth=\skip111
\mdfsplitboxtotalwidth=\skip112
\mdfsplitboxheight=\skip113
\mdfsplitboxdepth=\skip114
\mdfsplitboxtotalheight=\skip115
\mdfframetitleboxwidth=\skip116
\mdfframetitleboxtotalwidth=\skip117
\mdfframetitleboxheight=\skip118
\mdfframetitleboxdepth=\skip119
\mdfframetitleboxtotalheight=\skip120
\mdffootnoteboxwidth=\skip121
\mdffootnoteboxtotalwidth=\skip122
\mdffootnoteboxheight=\skip123
\mdffootnoteboxdepth=\skip124
\mdffootnoteboxtotalheight=\skip125
\mdftotallinewidth=\skip126
\mdfboundingboxwidth=\skip127
\mdfboundingboxtotalwidth=\skip128
\mdfboundingboxheight=\skip129
\mdfboundingboxdepth=\skip130
\mdfboundingboxtotalheight=\skip131
\mdf@freevspace@length=\skip132
\mdf@horizontalwidthofbox@length=\skip133
\mdf@verticalmarginwhole@length=\skip134
\mdf@horizontalspaceofbox=\skip135
\mdfsubtitleheight=\skip136
\mdfsubsubtitleheight=\skip137
\c@mdfcountframes=\count316

****** mdframed patching \endmdf@trivlist

****** -- success******

\mdf@envdepth=\count317
\c@mdf@env@i=\count318
\c@mdf@env@ii=\count319
\c@mdf@zref@counter=\count320
Package zref Info: New property: mdf@pagevalue on input line 895.
)
Package hyperref Info: Option `colorlinks' set `true' on input line 48.
 (decisiones_diseno.aux
LaTeX Info: Redefining \. on input line 12.
LaTeX Info: Redefining \% on input line 12.
Package babel Info: 'spanish' activates 'spanish' shorthands.
(babel)             Reported on input line 12.
)
\openout1 = `decisiones_diseno.aux'.

LaTeX Font Info:    Checking defaults for OML/cmm/m/it on input line 50.
LaTeX Font Info:    ... okay on input line 50.
LaTeX Font Info:    Checking defaults for OMS/cmsy/m/n on input line 50.
LaTeX Font Info:    ... okay on input line 50.
LaTeX Font Info:    Checking defaults for OT1/cmr/m/n on input line 50.
LaTeX Font Info:    ... okay on input line 50.
LaTeX Font Info:    Checking defaults for T1/cmr/m/n on input line 50.
LaTeX Font Info:    ... okay on input line 50.
LaTeX Font Info:    Checking defaults for TS1/cmr/m/n on input line 50.
LaTeX Font Info:    ... okay on input line 50.
LaTeX Font Info:    Checking defaults for OMX/cmex/m/n on input line 50.
LaTeX Font Info:    ... okay on input line 50.
LaTeX Font Info:    Checking defaults for U/cmr/m/n on input line 50.
LaTeX Font Info:    ... okay on input line 50.
LaTeX Font Info:    Checking defaults for PD1/pdf/m/n on input line 50.
LaTeX Font Info:    ... okay on input line 50.
LaTeX Font Info:    Checking defaults for PU/pdf/m/n on input line 50.
LaTeX Font Info:    ... okay on input line 50.
LaTeX Info: Redefining \. on input line 50.
LaTeX Info: Redefining \% on input line 50.
 (/home/legion-5080-monster/.miktex/texmfs/install/tex/context/base/mkii/supp-pdf.mkii
[Loading MPS to PDF converter (version 2006.09.02).]
\scratchcounter=\count321
\scratchdimen=\dimen178
\scratchbox=\box61
\nofMPsegments=\count322
\nofMParguments=\count323
\everyMPshowfont=\toks29
\MPscratchCnt=\count324
\MPscratchDim=\dimen179
\MPnumerator=\count325
\makeMPintoPDFobject=\count326
\everyMPtoPDFconversion=\toks30
) (/home/legion-5080-monster/.miktex/texmfs/install/tex/latex/epstopdf-pkg/epstopdf-base.sty
Package: epstopdf-base 2020-01-24 v2.11 Base part for package epstopdf
Package epstopdf-base Info: Redefining graphics rule for `.eps' on input line 485.
 (/home/legion-5080-monster/.miktex/texmfs/install/tex/latex/00miktex/epstopdf-sys.cfg
File: epstopdf-sys.cfg 2021/03/18 v2.0 Configuration of epstopdf for MiKTeX
))
Package hyperref Info: Link coloring ON on input line 50.
 (decisiones_diseno.out) (decisiones_diseno.out)
\@outlinefile=\write3
\openout3 = `decisiones_diseno.out'.


*geometry* driver: auto-detecting
*geometry* detected driver: pdftex
*geometry* verbose mode - [ preamble ] result:
* driver: pdftex
* paper: a4paper
* layout: <same size as paper>
* layoutoffset:(h,v)=(0.0pt,0.0pt)
* modes: 
* h-part:(L,W,R)=(85.35826pt, 441.01773pt, 71.13188pt)
* v-part:(T,H,B)=(71.13188pt, 702.78308pt, 71.13188pt)
* \paperwidth=597.50787pt
* \paperheight=845.04684pt
* \textwidth=441.01773pt
* \textheight=702.78308pt
* \oddsidemargin=13.08827pt
* \evensidemargin=13.08827pt
* \topmargin=-38.1381pt
* \headheight=14.0pt
* \headsep=25.0pt
* \topskip=12.0pt
* \footskip=30.0pt
* \marginparwidth=35.0pt
* \marginparsep=10.0pt
* \columnsep=10.0pt
* \skip\footins=10.8pt plus 4.0pt minus 2.0pt
* \hoffset=0.0pt
* \voffset=0.0pt
* \mag=1000
* \@twocolumnfalse
* \@twosidefalse
* \@mparswitchfalse
* \@reversemarginfalse
* (1in=72.27pt=25.4mm, 1cm=28.453pt)

[1

{/home/legion-5080-monster/.miktex/texmfs/data/fonts/map/pdftex/pdftex.map}] (decisiones_diseno.toc
LaTeX Info: Redefining \. on input line 1.
LaTeX Info: Redefining \% on input line 1.
 [1

])
\tf@toc=\write4
\openout4 = `decisiones_diseno.toc'.

 [2] [3

]
Overfull \hbox (21.27185pt too wide) in paragraph at lines 134--135
[]\T1/cmr/m/n/12 Reglas y umbrales que definen los estados de trßfico (normal, congesti¾n, priorizaci¾n). 
 []


Overfull \hbox (10.89532pt too wide) in paragraph at lines 136--137
[]\T1/cmr/m/n/12 Parßmetros del reloj de simulaci¾n (hora de inicio, hora de fin, factor de aceleraci¾n). 
 []


Overfull \hbox (6.51714pt too wide) in paragraph at lines 150--151
[]\T1/cmtt/m/n/12 analitica\T1/cmr/m/n/12 : define el umbral general de congesti¾n y los pesos usados para combinar
 []


Overfull \hbox (8.84148pt too wide) in paragraph at lines 152--153
\T1/cmr/m/n/12 backend principal, backend de respaldo, control manual y solicitudes de ambulancia. 
 []

[4]
Overfull \hbox (37.52643pt too wide) in paragraph at lines 174--175
[]\T1/cmr/m/n/12 Dentro de esta organizaci¾n, la carpeta \T1/cmtt/m/n/12 common/utilidades \T1/cmr/m/n/12 cumple un papel especialmente
 []


Overfull \hbox (1.92368pt too wide) in paragraph at lines 189--190
[]\T1/cmtt/m/n/12 common/mensajes/eventos.py\T1/cmr/m/n/12 : eventos de sensores emitidos por PC1, incluyendo
 []


Overfull \hbox (10.04404pt too wide) in paragraph at lines 191--192
[]\T1/cmtt/m/n/12 common/mensajes/estado_operativo.py\T1/cmr/m/n/12 : contrato de \T1/cmr/m/it/12 la snapshot operativa \T1/cmr/m/n/12 (vķase
 []

[5]
Overfull \hbox (2.43881pt too wide) in paragraph at lines 192--193
[]\T1/cmtt/m/n/12 common/mensajes/ambulancias.py\T1/cmr/m/n/12 : solicitud compartida para crear ambulancias
 []


Overfull \hbox (17.9309pt too wide) in paragraph at lines 196--197
[]\T1/cmtt/m/n/12 common/utilidades/configuracion.py\T1/cmr/m/n/12 : carga y acceso a configuraci¾n compartida. 
 []


Overfull \hbox (17.99895pt too wide) in paragraph at lines 199--200
[]\T1/cmtt/m/n/12 common/utilidades/persistencia_sqlite.py\T1/cmr/m/n/12 : persistencia compartida en SQLite. 
 []


Overfull \hbox (11.25204pt too wide) in paragraph at lines 216--217
[]\T1/cmtt/m/n/12 PC2/backend_respaldo\T1/cmr/m/n/12 : backend de continuidad limitado a salud y estado presente. 
 []

[6]
Overfull \hbox (0.64336pt too wide) in paragraph at lines 243--244
[]\T1/cmr/bx/n/12 Sensores relacionados\T1/cmr/m/n/12 : las aristas o accesos conectados a la intersecci¾n cuentan
 []


Overfull \hbox (19.11555pt too wide) in paragraph at lines 245--246
[]\T1/cmr/bx/n/12 Fase activa\T1/cmr/m/n/12 : \T1/cmtt/m/n/12 HORIZONTAL \T1/cmr/m/n/12 o \T1/cmtt/m/n/12 VERTICAL\T1/cmr/m/n/12 ; nunca hay dos fases en verde simultßneamente. 
 []

[7]
Overfull \hbox (4.56487pt too wide) in paragraph at lines 286--287
\T1/cmr/m/n/12 dispositivos ubicados fĒsicamente en el punto de la intersecci¾n, sino como \T1/cmr/bx/n/12 observadores
 []

[8]
Overfull \hbox (51.66057pt too wide) in paragraph at lines 317--318
\T1/cmr/m/n/12 arista y aporta una se±al complementaria de \T1/cmr/bx/n/12 fluidez o lentitud \T1/cmr/m/n/12 (\T1/cmtt/m/n/12 EVENTO_DENSIDAD_DE_TRAFICO\T1/cmr/m/n/12 ,
 []

[9] [10] [11]
Overfull \hbox (0.47977pt too wide) in paragraph at lines 441--442
[]\T1/cmr/m/n/12 Ademßs de esta temporizaci¾n, la implementaci¾n actual aplica dos reglas operativas
 []


Overfull \hbox (41.58899pt too wide) in paragraph at lines 445--446
[]\T1/cmr/bx/n/12 Una decisi¾n por intersecci¾n y por tick\T1/cmr/m/n/12 : aunque los eventos lleguen secuencialmente,
 []


Overfull \hbox (9.86078pt too wide) in paragraph at lines 470--471
[]\T1/cmr/m/n/12 Como \T1/cmr/bx/n/12 extensi¾n del grupo de computadores\T1/cmr/m/n/12 , se incorpora PC0 para la simulaci¾n
 []

[12] [13]
Overfull \hbox (4.92186pt too wide) in paragraph at lines 508--509
[]\T1/cmr/m/n/12 Como complemento, el resumen de cada tick incluye la hora simulada correspondiente
 []

[14] [15]
Overfull \hbox (7.8904pt too wide) in paragraph at lines 575--576
[]\T1/cmr/m/n/12 Enviar indicaciones directas al servicio de analĒtica para forzar cambios semaf¾ricos. 
 []


Overfull \hbox (13.24214pt too wide) in paragraph at lines 576--577
[]\T1/cmr/m/n/12 Exponer el backend primario que el cliente consulta normalmente antes de considerar
 []


Overfull \hbox (4.26505pt too wide) in paragraph at lines 603--604
\T1/cmr/m/n/12 quedan registrados los eventos de sensores, los comandos semaf¾ricos y el estado hist¾rico
 []

[16]
Overfull \hbox (18.28397pt too wide) in paragraph at lines 612--613
[]\T1/cmr/m/n/12 La base hist¾rica de PC0 \T1/cmr/bx/n/12 sĒ acumula \T1/cmr/m/n/12 datos entre corridas si no se limpia previamente. 
 []

[17]
Overfull \hbox (16.01868pt too wide) in paragraph at lines 667--668
[]\T1/cmr/m/n/12 La cadencia de envĒo de la snapshot se controla por configuraci¾n. En la implementaci¾n
 []


Overfull \hbox (13.56955pt too wide) in paragraph at lines 671--672
[]\T1/cmr/m/n/12 Esto permite balancear dos necesidades opuestas, es decir, por un lado, una observaci¾n
 []


Overfull \hbox (15.036pt too wide) in paragraph at lines 671--672
\T1/cmr/m/n/12 mßs fina del sistema; por otro, menor volumen de mensajes y menor presi¾n de persistencia. 
 []

[18]
Overfull \hbox (5.33975pt too wide) in paragraph at lines 700--701
[]\T1/cmr/m/n/12 En la implementaci¾n actual, este forzado se realiza por ZeroMQ: el backend principal
 []

[19]
Overfull \hbox (18.83188pt too wide) in paragraph at lines 735--736
[]\T1/cmr/bx/n/12 PC0\T1/cmr/m/n/12 : inicia la simulaci¾n autoritativa, la generaci¾n de vehĒculos y el almacenamiento
 []

[20]
Overfull \hbox (15.00226pt too wide) in paragraph at lines 779--780
[]\T1/cmr/m/n/12 Ante la caĒda de PC3, el sistema sigue operando con la rķplica en PC2. Los componentes
 []


Overfull \hbox (2.6362pt too wide) in paragraph at lines 795--796
[]\T1/cmr/m/n/12 El cliente de failover intenta primero hablar con PC3; si no recibe respuesta, reintenta
 []


Overfull \hbox (4.26913pt too wide) in paragraph at lines 797--798
[]\T1/cmr/m/n/12 Sin embargo, compartir el mismo protocolo no significa compartir la misma autoridad
 []

[21]
Overfull \hbox (1.25198pt too wide) in paragraph at lines 832--833
[]\T1/cmr/m/n/12 Segunda versi¾n del broker que introduce \T1/cmr/bx/n/12 hilos \T1/cmr/m/n/12 para separar la recepci¾n, el encolado
 []

[22] (decisiones_diseno.aux
LaTeX Info: Redefining \. on input line 12.
LaTeX Info: Redefining \% on input line 12.
)
 ***********
LaTeX2e <2025-11-01>
L3 programming layer <2026-01-19>
 ***********
Package rerunfilecheck Info: File `decisiones_diseno.out' has not changed.
(rerunfilecheck)             Checksum: F86086B16976E665B001541692FCE452;10678.
 ) 
Here is how much of TeX's memory you used:
 13187 strings out of 469804
 213273 string characters out of 5469165
 657375 words of memory out of 5000000
 41543 multiletter control sequences out of 15000+600000
 640601 words of font info for 65 fonts, out of 8000000 for 9000
 0 hyphenation exceptions out of 8191
 76i,13n,79p,816b,806s stack positions out of 10000i,1000n,20000p,200000b,200000s
 </home/legion-5080-monster/.miktex/texmfs/data/fonts/pk/ljfour/jknappen/ec/dpi600/ecbx1440.pk> </home/legion-5080-monster/.miktex/texmfs/data/fonts/pk/ljfour/jknappen/ec/dpi600/ectt1200.pk> </home/legion-5080-monster/.miktex/texmfs/data/fonts/pk/ljfour/jknappen/ec/dpi600/ecti1200.pk> </home/legion-5080-monster/.miktex/texmfs/data/fonts/pk/ljfour/jknappen/ec/dpi600/ecrm1095.pk> </home/legion-5080-monster/.miktex/texmfs/data/fonts/pk/ljfour/jknappen/ec/dpi600/ecbx1200.pk> </home/legion-5080-monster/.miktex/texmfs/data/fonts/pk/ljfour/jknappen/ec/dpi600/ecbx2488.pk> </home/legion-5080-monster/.miktex/texmfs/data/fonts/pk/ljfour/jknappen/ec/dpi600/ecrm1200.pk> </home/legion-5080-monster/.miktex/texmfs/data/fonts/pk/ljfour/jknappen/ec/dpi600/ecbx1728.pk></home/legion-5080-monster/.miktex/texmfs/install/fonts/type1/public/amsfonts/cm/cmex10.pfb></home/legion-5080-monster/.miktex/texmfs/install/fonts/type1/public/amsfonts/cm/cmmi12.pfb></home/legion-5080-monster/.miktex/texmfs/install/fonts/type1/public/amsfonts/cm/cmmi8.pfb></home/legion-5080-monster/.miktex/texmfs/install/fonts/type1/public/amsfonts/cm/cmr12.pfb></home/legion-5080-monster/.miktex/texmfs/install/fonts/type1/public/amsfonts/cm/cmr8.pfb></home/legion-5080-monster/.miktex/texmfs/install/fonts/type1/public/amsfonts/cm/cmsy10.pfb>
Output written on decisiones_diseno.pdf (23 pages, 311042 bytes).
PDF statistics:
 882 PDF objects out of 1000 (max. 8388607)
 108 named destinations out of 1000 (max. 500000)
 473 words of extra memory for PDF output out of 10000 (max. 10000000)

