\BOOKMARK [1][-]{section.1}{\376\377\000R\000e\000s\000u\000m\000e\000n\000\040\000d\000e\000l\000\040\000D\000i\000s\000e\000\361\000o\000\040\000A\000c\000o\000r\000d\000a\000d\000o}{}% 1
\BOOKMARK [1][-]{section.2}{\376\377\000D\000e\000c\000i\000s\000i\000o\000n\000e\000s\000\040\000B\000a\000s\000e\000\040\000d\000e\000l\000\040\000P\000r\000o\000y\000e\000c\000t\000o}{}% 2
\BOOKMARK [2][-]{subsection.2.1}{\376\377\000S\000u\000p\000u\000e\000s\000t\000o\000s\000\040\000G\000e\000n\000e\000r\000a\000l\000e\000s}{section.2}% 3
\BOOKMARK [2][-]{subsection.2.2}{\376\377\000P\000a\000r\000\341\000m\000e\000t\000r\000o\000s\000\040\000C\000o\000n\000f\000i\000g\000u\000r\000a\000b\000l\000e\000s}{section.2}% 4
\BOOKMARK [2][-]{subsection.2.3}{\376\377\000D\000o\000c\000u\000m\000e\000n\000t\000a\000c\000i\000\363\000n\000\040\000d\000e\000l\000\040\000A\000r\000c\000h\000i\000v\000o\000\040\000d\000e\000\040\000C\000o\000n\000f\000i\000g\000u\000r\000a\000c\000i\000\363\000n}{section.2}% 5
\BOOKMARK [2][-]{subsection.2.4}{\376\377\000O\000r\000g\000a\000n\000i\000z\000a\000c\000i\000\363\000n\000\040\000d\000e\000l\000\040\000C\000\363\000d\000i\000g\000o\000\040\000C\000o\000m\000p\000a\000r\000t\000i\000d\000o}{section.2}% 6
\BOOKMARK [2][-]{subsection.2.5}{\376\377\000O\000r\000g\000a\000n\000i\000z\000a\000c\000i\000\363\000n\000\040\000d\000e\000l\000\040\000R\000e\000p\000o\000s\000i\000t\000o\000r\000i\000o\000\040\000p\000o\000r\000\040\000C\000o\000m\000p\000u\000t\000a\000d\000o\000r}{section.2}% 7
\BOOKMARK [1][-]{section.3}{\376\377\000M\000o\000d\000e\000l\000o\000\040\000d\000e\000\040\000l\000a\000\040\000C\000i\000u\000d\000a\000d}{}% 8
\BOOKMARK [2][-]{subsection.3.1}{\376\377\000C\000u\000a\000d\000r\000\355\000c\000u\000l\000a\000\040\000y\000\040\000G\000r\000a\000f\000o\000\040\000D\000i\000r\000i\000g\000i\000d\000o}{section.3}% 9
\BOOKMARK [2][-]{subsection.3.2}{\376\377\000I\000n\000t\000e\000r\000s\000e\000c\000c\000i\000o\000n\000e\000s}{section.3}% 10
\BOOKMARK [2][-]{subsection.3.3}{\376\377\000V\000\355\000a\000s}{section.3}% 11
\BOOKMARK [2][-]{subsection.3.4}{\376\377\000N\000o\000d\000o\000s\000\040\000d\000e\000\040\000B\000o\000r\000d\000e}{section.3}% 12
\BOOKMARK [1][-]{section.4}{\376\377\000S\000e\000n\000s\000o\000r\000e\000s\000\040\000y\000\040\000E\000s\000t\000a\000d\000o\000\040\000d\000e\000l\000\040\000T\000r\000\341\000f\000i\000c\000o}{}% 13
\BOOKMARK [2][-]{subsection.4.1}{\376\377\000S\000e\000n\000s\000o\000r\000e\000s\000\040\000p\000o\000r\000\040\000A\000r\000i\000s\000t\000a}{section.4}% 14
\BOOKMARK [2][-]{subsection.4.2}{\376\377\000C\000\341\000m\000a\000r\000a}{section.4}% 15
\BOOKMARK [2][-]{subsection.4.3}{\376\377\000E\000s\000p\000i\000r\000a\000\040\000I\000n\000d\000u\000c\000t\000i\000v\000a}{section.4}% 16
\BOOKMARK [2][-]{subsection.4.4}{\376\377\000G\000P\000S}{section.4}% 17
\BOOKMARK [2][-]{subsection.4.5}{\376\377\000R\000e\000l\000a\000c\000i\000\363\000n\000\040\000e\000n\000t\000r\000e\000\040\000S\000e\000n\000s\000o\000r\000e\000s\000\040\000y\000\040\000A\000r\000i\000s\000t\000a\000s}{section.4}% 18
\BOOKMARK [2][-]{subsection.4.6}{\376\377\000C\000l\000a\000s\000i\000f\000i\000c\000a\000c\000i\000\363\000n\000\040\000C\000u\000a\000l\000i\000t\000a\000t\000i\000v\000a\000\040\000d\000e\000\040\000N\000o\000t\000a\000s}{section.4}% 19
\BOOKMARK [1][-]{section.5}{\376\377\000L\000\363\000g\000i\000c\000a\000\040\000d\000e\000\040\000A\000n\000a\000l\000\355\000t\000i\000c\000a\000\040\000y\000\040\000S\000e\000m\000\341\000f\000o\000r\000o\000s}{}% 20
\BOOKMARK [2][-]{subsection.5.1}{\376\377\000S\000c\000o\000r\000e\000\040\000p\000o\000r\000\040\000V\000\355\000a}{section.5}% 21
\BOOKMARK [2][-]{subsection.5.2}{\376\377\000P\000e\000s\000o\000s\000\040\000y\000\040\000N\000o\000r\000m\000a\000l\000i\000z\000a\000c\000i\000\363\000n}{section.5}% 22
\BOOKMARK [2][-]{subsection.5.3}{\376\377\000C\000o\000m\000p\000a\000r\000a\000c\000i\000\363\000n\000\040\000e\000n\000t\000r\000e\000\040\000D\000i\000r\000e\000c\000c\000i\000o\000n\000e\000s\000\040\000e\000n\000\040\000C\000o\000n\000f\000l\000i\000c\000t\000o}{section.5}% 23
\BOOKMARK [2][-]{subsection.5.4}{\376\377\000T\000e\000m\000p\000o\000r\000i\000z\000a\000c\000i\000\363\000n\000\040\000S\000e\000m\000a\000f\000\363\000r\000i\000c\000a}{section.5}% 24
\BOOKMARK [2][-]{subsection.5.5}{\376\377\000C\000o\000n\000t\000r\000o\000l\000\040\000M\000a\000n\000u\000a\000l}{section.5}% 25
\BOOKMARK [1][-]{section.6}{\376\377\000V\000e\000h\000\355\000c\000u\000l\000o\000s\000\040\000y\000\040\000S\000i\000m\000u\000l\000a\000c\000i\000\363\000n}{}% 26
\BOOKMARK [2][-]{subsection.6.1}{\376\377\000P\000C\0000\000\040\000c\000o\000m\000o\000\040\000D\000u\000e\000\361\000o\000\040\000d\000e\000l\000\040\000M\000a\000p\000a\000,\000\040\000l\000o\000s\000\040\000V\000e\000h\000\355\000c\000u\000l\000o\000s\000\040\000y\000\040\000e\000l\000\040\000R\000e\000l\000o\000j\000\040\000L\000\363\000g\000i\000c\000o}{section.6}% 27
\BOOKMARK [2][-]{subsection.6.2}{\376\377\000M\000o\000d\000e\000l\000o\000\040\000d\000e\000\040\000V\000e\000h\000\355\000c\000u\000l\000o}{section.6}% 28
\BOOKMARK [2][-]{subsection.6.3}{\376\377\000M\000o\000v\000i\000m\000i\000e\000n\000t\000o\000\040\000d\000e\000n\000t\000r\000o\000\040\000d\000e\000\040\000l\000a\000\040\000C\000u\000a\000d\000r\000\355\000c\000u\000l\000a}{section.6}% 29
\BOOKMARK [2][-]{subsection.6.4}{\376\377\000R\000e\000g\000i\000s\000t\000r\000o\000\040\000O\000p\000e\000r\000a\000t\000i\000v\000o\000\040\000d\000e\000\040\000V\000e\000h\000\355\000c\000u\000l\000o\000s}{section.6}% 30
\BOOKMARK [2][-]{subsection.6.5}{\376\377\000A\000m\000b\000u\000l\000a\000n\000c\000i\000a}{section.6}% 31
\BOOKMARK [1][-]{section.7}{\376\377\000D\000i\000s\000t\000r\000i\000b\000u\000c\000i\000\363\000n\000\040\000p\000o\000r\000\040\000C\000o\000m\000p\000u\000t\000a\000d\000o\000r\000e\000s}{}% 32
\BOOKMARK [2][-]{subsection.7.1}{\376\377\000P\000C\0000}{section.7}% 33
\BOOKMARK [2][-]{subsection.7.2}{\376\377\000P\000C\0001}{section.7}% 34
\BOOKMARK [2][-]{subsection.7.3}{\376\377\000P\000C\0002}{section.7}% 35
\BOOKMARK [2][-]{subsection.7.4}{\376\377\000P\000C\0003}{section.7}% 36
\BOOKMARK [1][-]{section.8}{\376\377\000P\000e\000r\000s\000i\000s\000t\000e\000n\000c\000i\000a\000\040\000y\000\040\000T\000i\000e\000m\000p\000o\000\040\000d\000e\000\040\000S\000i\000m\000u\000l\000a\000c\000i\000\363\000n}{}% 37
\BOOKMARK [2][-]{subsection.8.1}{\376\377\000B\000a\000s\000e\000\040\000d\000e\000\040\000D\000a\000t\000o\000s\000\040\000e\000n\000\040\000P\000C\0003}{section.8}% 38
\BOOKMARK [2][-]{subsection.8.2}{\376\377\000R\000\351\000p\000l\000i\000c\000a\000\040\000e\000n\000\040\000P\000C\0002}{section.8}% 39
\BOOKMARK [2][-]{subsection.8.3}{\376\377\000H\000i\000s\000t\000\363\000r\000i\000c\000o\000\040\000D\000i\000a\000r\000i\000o\000\040\000e\000n\000\040\000P\000C\0000}{section.8}% 40
\BOOKMARK [2][-]{subsection.8.4}{\376\377\000C\000o\000m\000p\000o\000r\000t\000a\000m\000i\000e\000n\000t\000o\000\040\000d\000e\000\040\000l\000a\000s\000\040\000B\000a\000s\000e\000s\000\040\000e\000n\000t\000r\000e\000\040\000E\000j\000e\000c\000u\000c\000i\000o\000n\000e\000s}{section.8}% 41
\BOOKMARK [2][-]{subsection.8.5}{\376\377\000R\000e\000l\000o\000j\000\040\000d\000e\000\040\000S\000i\000m\000u\000l\000a\000c\000i\000\363\000n}{section.8}% 42
\BOOKMARK [1][-]{section.9}{\376\377\000I\000n\000t\000e\000r\000a\000c\000c\000i\000\363\000n\000\040\000e\000n\000t\000r\000e\000\040\000C\000o\000m\000p\000o\000n\000e\000n\000t\000e\000s}{}% 43
\BOOKMARK [2][-]{subsection.9.1}{\376\377\000F\000l\000u\000j\000o\000\040\000G\000e\000n\000e\000r\000a\000l\000\040\000d\000e\000l\000\040\000S\000i\000s\000t\000e\000m\000a}{section.9}% 44
\BOOKMARK [2][-]{subsection.9.2}{\376\377\000S\000n\000a\000p\000s\000h\000o\000t\000\040\000O\000p\000e\000r\000a\000t\000i\000v\000a}{section.9}% 45
\BOOKMARK [2][-]{subsection.9.3}{\376\377\000C\000r\000e\000a\000c\000i\000\363\000n\000\040\000d\000e\000\040\000A\000m\000b\000u\000l\000a\000n\000c\000i\000a\000s}{section.9}% 46
\BOOKMARK [2][-]{subsection.9.4}{\376\377\000P\000r\000i\000o\000r\000i\000z\000a\000c\000i\000\363\000n\000\040\000M\000a\000n\000u\000a\000l\000\040\000d\000e\000\040\000S\000e\000m\000\341\000f\000o\000r\000o\000s}{section.9}% 47
\BOOKMARK [1][-]{section.10}{\376\377\000I\000n\000i\000c\000i\000a\000l\000i\000z\000a\000c\000i\000\363\000n\000\040\000d\000e\000l\000\040\000S\000i\000s\000t\000e\000m\000a}{}% 48
\BOOKMARK [2][-]{subsection.10.1}{\376\377\000C\000o\000n\000f\000i\000g\000u\000r\000a\000c\000i\000\363\000n\000\040\000I\000n\000i\000c\000i\000a\000l}{section.10}% 49
\BOOKMARK [2][-]{subsection.10.2}{\376\377\000O\000r\000d\000e\000n\000\040\000d\000e\000\040\000A\000r\000r\000a\000n\000q\000u\000e}{section.10}% 50
\BOOKMARK [2][-]{subsection.10.3}{\376\377\000P\000r\000i\000o\000r\000i\000d\000a\000d\000\040\000d\000e\000\040\000I\000m\000p\000l\000e\000m\000e\000n\000t\000a\000c\000i\000\363\000n}{section.10}% 51
\BOOKMARK [1][-]{section.11}{\376\377\000F\000a\000l\000l\000o\000s\000\040\000y\000\040\000C\000o\000n\000t\000i\000n\000u\000i\000d\000a\000d\000\040\000O\000p\000e\000r\000a\000t\000i\000v\000a}{}% 52
\BOOKMARK [2][-]{subsection.11.1}{\376\377\000C\000a\000\355\000d\000a\000\040\000d\000e\000\040\000P\000C\0003}{section.11}% 53
\BOOKMARK [2][-]{subsection.11.2}{\376\377\000C\000o\000n\000t\000i\000n\000u\000i\000d\000a\000d\000\040\000c\000o\000n\000\040\000P\000C\0002}{section.11}% 54
\BOOKMARK [2][-]{subsection.11.3}{\376\377\000B\000a\000c\000k\000e\000n\000d\000\040\000P\000r\000i\000n\000c\000i\000p\000a\000l\000\040\000y\000\040\000B\000a\000c\000k\000e\000n\000d\000\040\000d\000e\000\040\000R\000e\000s\000p\000a\000l\000d\000o}{section.11}% 55
\BOOKMARK [2][-]{subsection.11.4}{\376\377\000L\000i\000m\000i\000t\000a\000c\000i\000o\000n\000e\000s\000\040\000D\000u\000r\000a\000n\000t\000e\000\040\000l\000a\000\040\000F\000a\000l\000l\000a}{section.11}% 56
\BOOKMARK [1][-]{section.12}{\376\377\000C\000o\000m\000p\000a\000r\000a\000c\000i\000\363\000n\000\040\000d\000e\000\040\000R\000e\000n\000d\000i\000m\000i\000e\000n\000t\000o\000\040\000d\000e\000l\000\040\000B\000r\000o\000k\000e\000r}{}% 57
\BOOKMARK [2][-]{subsection.12.1}{\376\377\000V\000e\000r\000s\000i\000\363\000n\000\040\000B\000a\000s\000e}{section.12}% 58
\BOOKMARK [2][-]{subsection.12.2}{\376\377\000V\000e\000r\000s\000i\000\363\000n\000\040\000M\000o\000d\000i\000f\000i\000c\000a\000d\000a\000\040\000c\000o\000n\000\040\000H\000i\000l\000o\000s}{section.12}% 59
\BOOKMARK [1][-]{section.13}{\376\377\000D\000i\000a\000g\000r\000a\000m\000a\000s\000\040\000d\000e\000\040\000D\000i\000s\000e\000\361\000o}{}% 60
\BOOKMARK [2][-]{subsection.13.1}{\376\377\000D\000i\000a\000g\000r\000a\000m\000a\000\040\000d\000e\000\040\000C\000l\000a\000s\000e\000s}{section.13}% 61
\BOOKMARK [2][-]{subsection.13.2}{\376\377\000D\000i\000a\000g\000r\000a\000m\000a\000\040\000d\000e\000\040\000C\000o\000m\000p\000o\000n\000e\000n\000t\000e\000s}{section.13}% 62
\BOOKMARK [2][-]{subsection.13.3}{\376\377\000D\000i\000a\000g\000r\000a\000m\000a\000\040\000d\000e\000\040\000D\000e\000s\000p\000l\000i\000e\000g\000u\000e}{section.13}% 63
\BOOKMARK [2][-]{subsection.13.4}{\376\377\000D\000i\000a\000g\000r\000a\000m\000a\000\040\000d\000e\000\040\000S\000e\000c\000u\000e\000n\000c\000i\000a}{section.13}% 64
\BOOKMARK [1][-]{section.14}{\376\377\000P\000r\000o\000t\000o\000c\000o\000l\000o\000\040\000d\000e\000\040\000P\000r\000u\000e\000b\000a\000s}{}% 65
\BOOKMARK [2][-]{subsection.14.1}{\376\377\000O\000b\000j\000e\000t\000i\000v\000o}{section.14}% 66
\BOOKMARK [2][-]{subsection.14.2}{\376\377\000A\000l\000c\000a\000n\000c\000e}{section.14}% 67
\BOOKMARK [2][-]{subsection.14.3}{\376\377\000S\000u\000p\000u\000e\000s\000t\000o\000s}{section.14}% 68
\BOOKMARK [2][-]{subsection.14.4}{\376\377\000M\000a\000r\000c\000o\000\040\000d\000e\000\040\000P\000r\000u\000e\000b\000a\000s\000\040\000p\000o\000r\000\040\000M\000o\000d\000e\000l\000o\000s\000\040\000d\000e\000l\000\040\000S\000i\000s\000t\000e\000m\000a}{section.14}% 69
\BOOKMARK [3][-]{subsubsection.14.4.1}{\376\377\000M\000o\000d\000e\000l\000o\000\040\000A\000r\000q\000u\000i\000t\000e\000c\000t\000\363\000n\000i\000c\000o}{subsection.14.4}% 70
\BOOKMARK [3][-]{subsubsection.14.4.2}{\376\377\000M\000o\000d\000e\000l\000o\000\040\000d\000e\000\040\000I\000n\000t\000e\000r\000a\000c\000c\000i\000\363\000n}{subsection.14.4}% 71
\BOOKMARK [3][-]{subsubsection.14.4.3}{\376\377\000M\000o\000d\000e\000l\000o\000\040\000d\000e\000\040\000F\000a\000l\000l\000o\000s}{subsection.14.4}% 72
\BOOKMARK [3][-]{subsubsection.14.4.4}{\376\377\000M\000o\000d\000e\000l\000o\000\040\000d\000e\000\040\000S\000e\000g\000u\000r\000i\000d\000a\000d}{subsection.14.4}% 73
\BOOKMARK [2][-]{subsection.14.5}{\376\377\000M\000a\000t\000r\000i\000z\000\040\000d\000e\000\040\000C\000a\000s\000o\000s\000\040\000d\000e\000\040\000P\000r\000u\000e\000b\000a}{section.14}% 74
\BOOKMARK [3][-]{subsubsection.14.5.1}{\376\377\000P\000r\000u\000e\000b\000a\000s\000\040\000F\000u\000n\000c\000i\000o\000n\000a\000l\000e\000s}{subsection.14.5}% 75
\BOOKMARK [3][-]{subsubsection.14.5.2}{\376\377\000P\000r\000u\000e\000b\000a\000s\000\040\000d\000e\000\040\000I\000n\000t\000e\000g\000r\000a\000c\000i\000\363\000n}{subsection.14.5}% 76
\BOOKMARK [3][-]{subsubsection.14.5.3}{\376\377\000P\000r\000u\000e\000b\000a\000s\000\040\000d\000e\000\040\000F\000a\000l\000l\000o\000s}{subsection.14.5}% 77
\BOOKMARK [3][-]{subsubsection.14.5.4}{\376\377\000P\000r\000u\000e\000b\000a\000s\000\040\000d\000e\000\040\000S\000e\000g\000u\000r\000i\000d\000a\000d\000\040\000e\000\040\000I\000n\000t\000e\000g\000r\000i\000d\000a\000d}{subsection.14.5}% 78
\BOOKMARK [3][-]{subsubsection.14.5.5}{\376\377\000P\000r\000u\000e\000b\000a\000s\000\040\000d\000e\000\040\000D\000e\000s\000e\000m\000p\000e\000\361\000o}{subsection.14.5}% 79
\BOOKMARK [2][-]{subsection.14.6}{\376\377\000P\000r\000o\000c\000e\000d\000i\000m\000i\000e\000n\000t\000o\000\040\000d\000e\000\040\000E\000j\000e\000c\000u\000c\000i\000\363\000n\000\040\000y\000\040\000R\000e\000p\000e\000t\000i\000c\000i\000\363\000n\000\040\000E\000x\000p\000e\000r\000i\000m\000e\000n\000t\000a\000l}{section.14}% 80
\BOOKMARK [3][-]{subsubsection.14.6.1}{\376\377\000P\000r\000e\000p\000a\000r\000a\000c\000i\000\363\000n\000\040\000d\000e\000l\000\040\000e\000n\000t\000o\000r\000n\000o}{subsection.14.6}% 81
\BOOKMARK [3][-]{subsubsection.14.6.2}{\376\377\000E\000j\000e\000c\000u\000c\000i\000\363\000n\000\040\000d\000e\000\040\000u\000n\000a\000\040\000c\000o\000r\000r\000i\000d\000a}{subsection.14.6}% 82
\BOOKMARK [3][-]{subsubsection.14.6.3}{\376\377\000R\000e\000p\000e\000t\000i\000c\000i\000\363\000n\000\040\000e\000x\000p\000e\000r\000i\000m\000e\000n\000t\000a\000l}{subsection.14.6}% 83
\BOOKMARK [3][-]{subsubsection.14.6.4}{\376\377\000C\000o\000n\000f\000i\000g\000u\000r\000a\000c\000i\000\363\000n\000\040\000d\000e\000\040\000e\000s\000c\000e\000n\000a\000r\000i\000o\000s}{subsection.14.6}% 84
\BOOKMARK [2][-]{subsection.14.7}{\376\377\000T\000r\000a\000t\000a\000m\000i\000e\000n\000t\000o\000\040\000d\000e\000\040\000F\000a\000l\000l\000a\000s\000:\000\040\000C\000a\000\355\000d\000a\000\040\000d\000e\000\040\000P\000C\0003\000\040\000y\000\040\000C\000o\000n\000t\000i\000n\000u\000i\000d\000a\000d\000\040\000c\000o\000n\000\040\000R\000\351\000p\000l\000i\000c\000a\000\040\000P\000C\0002}{section.14}% 85
\BOOKMARK [3][-]{subsubsection.14.7.1}{\376\377\000P\000r\000o\000t\000o\000c\000o\000l\000o\000\040\000d\000e\000\040\000p\000r\000u\000e\000b\000a\000\040\000d\000e\000\040\000c\000a\000\355\000d\000a}{subsection.14.7}% 86
\BOOKMARK [3][-]{subsubsection.14.7.2}{\376\377\000C\000r\000i\000t\000e\000r\000i\000o\000s\000\040\000d\000e\000\040\000\351\000x\000i\000t\000o}{subsection.14.7}% 87
\BOOKMARK [2][-]{subsection.14.8}{\376\377\000R\000i\000e\000s\000g\000o\000s\000\040\000a\000\040\000l\000a\000\040\000V\000a\000l\000i\000d\000e\000z\000\040\000d\000e\000\040\000R\000e\000s\000u\000l\000t\000a\000d\000o\000s}{section.14}% 88
\BOOKMARK [3][-]{subsubsection.14.8.1}{\376\377\000A\000m\000e\000n\000a\000z\000a\000s\000\040\000a\000\040\000l\000a\000\040\000v\000a\000l\000i\000d\000e\000z\000\040\000i\000n\000t\000e\000r\000n\000a}{subsection.14.8}% 89
\BOOKMARK [3][-]{subsubsection.14.8.2}{\376\377\000A\000m\000e\000n\000a\000z\000a\000s\000\040\000a\000\040\000l\000a\000\040\000v\000a\000l\000i\000d\000e\000z\000\040\000e\000x\000t\000e\000r\000n\000a}{subsection.14.8}% 90
\BOOKMARK [3][-]{subsubsection.14.8.3}{\376\377\000A\000m\000e\000n\000a\000z\000a\000s\000\040\000a\000\040\000l\000a\000\040\000v\000a\000l\000i\000d\000e\000z\000\040\000d\000e\000\040\000c\000o\000n\000s\000t\000r\000u\000c\000t\000o}{subsection.14.8}% 91
\BOOKMARK [2][-]{subsection.14.9}{\376\377\000R\000e\000s\000u\000l\000t\000a\000d\000o\000s\000\040\000E\000s\000p\000e\000r\000a\000d\000o\000s\000\040\000y\000\040\000F\000o\000r\000m\000a\000t\000o\000\040\000d\000e\000\040\000R\000e\000p\000o\000r\000t\000e}{section.14}% 92
\BOOKMARK [2][-]{subsection.14.10}{\376\377\000M\000e\000d\000i\000d\000a\000s\000\040\000d\000e\000\040\000r\000e\000n\000d\000i\000m\000i\000e\000n\000t\000o}{section.14}% 93
